[0.022s] Invoking command in '/home/user/ros2_ws/src/citylab_project/build/robot_patrol': CMAKE_PREFIX_PATH=${CMAKE_PREFIX_PATH}:/opt/ros/foxy _=/usr/bin/env /usr/bin/cmake /home/user/ros2_ws/src/citylab_project/src/robot_patrol -DCMAKE_INSTALL_PREFIX=/home/user/ros2_ws/src/citylab_project/install/robot_patrol
[3.574s] -- The C compiler identification is GNU 9.3.0
[3.719s] -- The CXX compiler identification is GNU 9.3.0
[3.787s] -- Check for working C compiler: /usr/bin/cc
[3.956s] -- Check for working C compiler: /usr/bin/cc -- works
[3.961s] -- Detecting C compiler ABI info
[4.090s] -- Detecting C compiler ABI info - done
[4.116s] -- Detecting C compile features
[4.201s] -- Detecting C compile features - done
[4.209s] -- Check for working CXX compiler: /usr/bin/c++
[4.398s] -- Check for working CXX compiler: /usr/bin/c++ -- works
[4.399s] -- Detecting CXX compiler ABI info
[4.579s] -- Detecting CXX compiler ABI info - done
[4.600s] -- Detecting CXX compile features
[4.601s] -- Detecting CXX compile features - done
[4.621s] -- Found ament_cmake: 0.9.9 (/opt/ros/foxy/share/ament_cmake/cmake)
[4.767s] -- Found PythonInterp: /usr/bin/python3 (found suitable version "3.8.10", minimum required is "3") 
[4.767s] -- Using PYTHON_EXECUTABLE: /usr/bin/python3
[5.451s] -- Found rclcpp: 2.4.0 (/opt/ros/foxy/share/rclcpp/cmake)
[5.705s] -- Using all available rosidl_typesupport_c: rosidl_typesupport_fastrtps_c;rosidl_typesupport_introspection_c
[5.750s] -- Found rosidl_adapter: 1.2.1 (/opt/ros/foxy/share/rosidl_adapter/cmake)
[6.515s] -- Found OpenSSL: /usr/lib/x86_64-linux-gnu/libcrypto.so (found version "1.1.1f")  
[6.637s] -- Found FastRTPS: /opt/ros/foxy/include  
[6.915s] -- Using all available rosidl_typesupport_cpp: rosidl_typesupport_fastrtps_cpp;rosidl_typesupport_introspection_cpp
[7.161s] -- Found rmw_implementation_cmake: 1.0.3 (/opt/ros/foxy/share/rmw_implementation_cmake/cmake)
[7.170s] -- Using RMW implementation 'rmw_fastrtps_cpp' as default
[7.174s] -- Looking for pthread.h
[7.365s] -- Looking for pthread.h - found
[7.365s] -- Performing Test CMAKE_HAVE_LIBC_PTHREAD
[7.560s] -- Performing Test CMAKE_HAVE_LIBC_PTHREAD - Failed
[7.561s] -- Looking for pthread_create in pthreads
[7.720s] -- Looking for pthread_create in pthreads - not found
[7.720s] -- Looking for pthread_create in pthread
[7.854s] -- Looking for pthread_create in pthread - found
[7.856s] -- Found Threads: TRUE  
[8.411s] -- Found sensor_msgs: 2.0.4 (/opt/ros/foxy/share/sensor_msgs/cmake)
[8.680s] -- Found ament_lint_auto: 0.9.6 (/opt/ros/foxy/share/ament_lint_auto/cmake)
[8.906s] -- Added test 'copyright' to check source files copyright and LICENSE
[8.909s] -- Added test 'cppcheck' to perform static code analysis on C / C++ code
[8.909s] -- Configured cppcheck include dirs: /home/user/ros2_ws/src/citylab_project/src/robot_patrol/include
[8.910s] -- Configured cppcheck exclude dirs and/or files: 
[8.913s] -- Added test 'cpplint' to check C / C++ code against the Google style
[8.914s] -- Configured cpplint exclude dirs and/or files: 
[8.916s] -- Added test 'flake8' to check Python code syntax and style conventions
[8.918s] -- Added test 'lint_cmake' to check CMake code style
[8.921s] -- Added test 'pep257' to check Python code against some of the style conventions in PEP 257
[8.924s] -- Added test 'uncrustify' to check C / C++ code style
[8.924s] -- Configured uncrustify additional arguments: 
[8.925s] -- Added test 'xmllint' to check XML markup files
[8.932s] -- Configuring done
[8.950s] -- Generating done
[8.954s] -- Build files have been written to: /home/user/ros2_ws/src/citylab_project/build/robot_patrol
[8.966s] Invoked command in '/home/user/ros2_ws/src/citylab_project/build/robot_patrol' returned '0': CMAKE_PREFIX_PATH=${CMAKE_PREFIX_PATH}:/opt/ros/foxy _=/usr/bin/env /usr/bin/cmake /home/user/ros2_ws/src/citylab_project/src/robot_patrol -DCMAKE_INSTALL_PREFIX=/home/user/ros2_ws/src/citylab_project/install/robot_patrol
[8.970s] Invoking command in '/home/user/ros2_ws/src/citylab_project/build/robot_patrol': CMAKE_PREFIX_PATH=${CMAKE_PREFIX_PATH}:/opt/ros/foxy _=/usr/bin/env /usr/bin/cmake --build /home/user/ros2_ws/src/citylab_project/build/robot_patrol -- -j8 -l8
[9.077s] [35m[1mScanning dependencies of target patrol_node[0m
[9.171s] [ 33%] [32mBuilding CXX object CMakeFiles/patrol_node.dir/src/patrol_node.cpp.o[0m
[12.024s] [ 66%] [32mBuilding CXX object CMakeFiles/patrol_node.dir/src/patrol.cpp.o[0m
[20.395s] [100%] [32m[1mLinking CXX executable patrol_node[0m
[20.799s] [100%] Built target patrol_node
[20.820s] Invoked command in '/home/user/ros2_ws/src/citylab_project/build/robot_patrol' returned '0': CMAKE_PREFIX_PATH=${CMAKE_PREFIX_PATH}:/opt/ros/foxy _=/usr/bin/env /usr/bin/cmake --build /home/user/ros2_ws/src/citylab_project/build/robot_patrol -- -j8 -l8
[20.976s] Invoking command in '/home/user/ros2_ws/src/citylab_project/build/robot_patrol': CMAKE_PREFIX_PATH=${CMAKE_PREFIX_PATH}:/opt/ros/foxy _=/usr/bin/env /usr/bin/cmake --install /home/user/ros2_ws/src/citylab_project/build/robot_patrol
[21.013s] -- Install configuration: ""
[21.013s] -- Installing: /home/user/ros2_ws/src/citylab_project/install/robot_patrol/lib/robot_patrol/patrol_node
[21.017s] -- Set runtime path of "/home/user/ros2_ws/src/citylab_project/install/robot_patrol/lib/robot_patrol/patrol_node" to ""
[21.018s] -- Installing: /home/user/ros2_ws/src/citylab_project/install/robot_patrol/share/robot_patrol//launch
[21.018s] -- Installing: /home/user/ros2_ws/src/citylab_project/install/robot_patrol/share/robot_patrol//launch/robot_patrol.launch.py
[21.018s] -- Installing: /home/user/ros2_ws/src/citylab_project/install/robot_patrol/include
[21.018s] -- Installing: /home/user/ros2_ws/src/citylab_project/install/robot_patrol/include/patrol.h
[21.019s] -- Installing: /home/user/ros2_ws/src/citylab_project/install/robot_patrol/share/ament_index/resource_index/package_run_dependencies/robot_patrol
[21.020s] -- Installing: /home/user/ros2_ws/src/citylab_project/install/robot_patrol/share/ament_index/resource_index/parent_prefix_path/robot_patrol
[21.020s] -- Installing: /home/user/ros2_ws/src/citylab_project/install/robot_patrol/share/robot_patrol/environment/ament_prefix_path.sh
[21.020s] -- Installing: /home/user/ros2_ws/src/citylab_project/install/robot_patrol/share/robot_patrol/environment/ament_prefix_path.dsv
[21.021s] -- Installing: /home/user/ros2_ws/src/citylab_project/install/robot_patrol/share/robot_patrol/environment/path.sh
[21.021s] -- Installing: /home/user/ros2_ws/src/citylab_project/install/robot_patrol/share/robot_patrol/environment/path.dsv
[21.022s] -- Installing: /home/user/ros2_ws/src/citylab_project/install/robot_patrol/share/robot_patrol/local_setup.bash
[21.022s] -- Installing: /home/user/ros2_ws/src/citylab_project/install/robot_patrol/share/robot_patrol/local_setup.sh
[21.022s] -- Installing: /home/user/ros2_ws/src/citylab_project/install/robot_patrol/share/robot_patrol/local_setup.zsh
[21.023s] -- Installing: /home/user/ros2_ws/src/citylab_project/install/robot_patrol/share/robot_patrol/local_setup.dsv
[21.023s] -- Installing: /home/user/ros2_ws/src/citylab_project/install/robot_patrol/share/robot_patrol/package.dsv
[21.023s] -- Installing: /home/user/ros2_ws/src/citylab_project/install/robot_patrol/share/ament_index/resource_index/packages/robot_patrol
[21.024s] -- Installing: /home/user/ros2_ws/src/citylab_project/install/robot_patrol/share/robot_patrol/cmake/robot_patrolConfig.cmake
[21.024s] -- Installing: /home/user/ros2_ws/src/citylab_project/install/robot_patrol/share/robot_patrol/cmake/robot_patrolConfig-version.cmake
[21.024s] -- Installing: /home/user/ros2_ws/src/citylab_project/install/robot_patrol/share/robot_patrol/package.xml
[21.034s] Invoked command in '/home/user/ros2_ws/src/citylab_project/build/robot_patrol' returned '0': CMAKE_PREFIX_PATH=${CMAKE_PREFIX_PATH}:/opt/ros/foxy _=/usr/bin/env /usr/bin/cmake --install /home/user/ros2_ws/src/citylab_project/build/robot_patrol
