[0.032s] Invoking command in '/home/user/ros2_ws/src/citylab_project/build/robot_patrol': CMAKE_PREFIX_PATH=${CMAKE_PREFIX_PATH}:/opt/ros/foxy _=/usr/bin/env /usr/bin/cmake --build /home/user/ros2_ws/src/citylab_project/build/robot_patrol -- -j8 -l8
[0.136s] [35m[1mScanning dependencies of target patrol_node[0m
[0.203s] [ 33%] [32mBuilding CXX object CMakeFiles/patrol_node.dir/src/patrol.cpp.o[0m
[7.800s] [ 66%] [32m[1mLinking CXX executable patrol_node[0m
[8.153s] [100%] Built target patrol_node
[8.169s] Invoked command in '/home/user/ros2_ws/src/citylab_project/build/robot_patrol' returned '0': CMAKE_PREFIX_PATH=${CMAKE_PREFIX_PATH}:/opt/ros/foxy _=/usr/bin/env /usr/bin/cmake --build /home/user/ros2_ws/src/citylab_project/build/robot_patrol -- -j8 -l8
[8.266s] Invoking command in '/home/user/ros2_ws/src/citylab_project/build/robot_patrol': CMAKE_PREFIX_PATH=${CMAKE_PREFIX_PATH}:/opt/ros/foxy _=/usr/bin/env /usr/bin/cmake --install /home/user/ros2_ws/src/citylab_project/build/robot_patrol
[8.279s] -- Install configuration: ""
[8.279s] -- Installing: /home/user/ros2_ws/src/citylab_project/install/robot_patrol/lib/robot_patrol/patrol_node
[8.286s] -- Set runtime path of "/home/user/ros2_ws/src/citylab_project/install/robot_patrol/lib/robot_patrol/patrol_node" to ""
[8.286s] -- Up-to-date: /home/user/ros2_ws/src/citylab_project/install/robot_patrol/share/robot_patrol//launch
[8.287s] -- Up-to-date: /home/user/ros2_ws/src/citylab_project/install/robot_patrol/share/robot_patrol//launch/robot_patrol.launch.py
[8.287s] -- Up-to-date: /home/user/ros2_ws/src/citylab_project/install/robot_patrol/include
[8.287s] -- Up-to-date: /home/user/ros2_ws/src/citylab_project/install/robot_patrol/include/patrol.h
[8.288s] -- Up-to-date: /home/user/ros2_ws/src/citylab_project/install/robot_patrol/share/ament_index/resource_index/package_run_dependencies/robot_patrol
[8.289s] -- Up-to-date: /home/user/ros2_ws/src/citylab_project/install/robot_patrol/share/ament_index/resource_index/parent_prefix_path/robot_patrol
[8.289s] -- Up-to-date: /home/user/ros2_ws/src/citylab_project/install/robot_patrol/share/robot_patrol/environment/ament_prefix_path.sh
[8.289s] -- Up-to-date: /home/user/ros2_ws/src/citylab_project/install/robot_patrol/share/robot_patrol/environment/ament_prefix_path.dsv
[8.290s] -- Up-to-date: /home/user/ros2_ws/src/citylab_project/install/robot_patrol/share/robot_patrol/environment/path.sh
[8.290s] -- Up-to-date: /home/user/ros2_ws/src/citylab_project/install/robot_patrol/share/robot_patrol/environment/path.dsv
[8.290s] -- Up-to-date: /home/user/ros2_ws/src/citylab_project/install/robot_patrol/share/robot_patrol/local_setup.bash
[8.290s] -- Up-to-date: /home/user/ros2_ws/src/citylab_project/install/robot_patrol/share/robot_patrol/local_setup.sh
[8.291s] -- Up-to-date: /home/user/ros2_ws/src/citylab_project/install/robot_patrol/share/robot_patrol/local_setup.zsh
[8.291s] -- Up-to-date: /home/user/ros2_ws/src/citylab_project/install/robot_patrol/share/robot_patrol/local_setup.dsv
[8.291s] -- Installing: /home/user/ros2_ws/src/citylab_project/install/robot_patrol/share/robot_patrol/package.dsv
[8.291s] -- Up-to-date: /home/user/ros2_ws/src/citylab_project/install/robot_patrol/share/ament_index/resource_index/packages/robot_patrol
[8.291s] -- Up-to-date: /home/user/ros2_ws/src/citylab_project/install/robot_patrol/share/robot_patrol/cmake/robot_patrolConfig.cmake
[8.291s] -- Up-to-date: /home/user/ros2_ws/src/citylab_project/install/robot_patrol/share/robot_patrol/cmake/robot_patrolConfig-version.cmake
[8.291s] -- Up-to-date: /home/user/ros2_ws/src/citylab_project/install/robot_patrol/share/robot_patrol/package.xml
[8.294s] Invoked command in '/home/user/ros2_ws/src/citylab_project/build/robot_patrol' returned '0': CMAKE_PREFIX_PATH=${CMAKE_PREFIX_PATH}:/opt/ros/foxy _=/usr/bin/env /usr/bin/cmake --install /home/user/ros2_ws/src/citylab_project/build/robot_patrol
