[0.020s] Invoking command in '/home/user/ros2_ws/src/citylab_project/build/robot_patrol': CMAKE_PREFIX_PATH=${CMAKE_PREFIX_PATH}:/opt/ros/foxy _=/usr/bin/env /usr/bin/cmake --build /home/user/ros2_ws/src/citylab_project/build/robot_patrol -- -j8 -l8
[0.073s] [35m[1mScanning dependencies of target patrol_node[0m
[0.115s] [ 33%] [32mBuilding CXX object CMakeFiles/patrol_node.dir/src/patrol.cpp.o[0m
[1.510s] [01m[K/home/user/ros2_ws/src/citylab_project/src/robot_patrol/src/patrol.cpp:[m[K In constructor '[01m[KPatrol::Patrol()[m[K':
[1.510s] [01m[K/home/user/ros2_ws/src/citylab_project/src/robot_patrol/src/patrol.cpp:12:103:[m[K [01;31m[Kerror: [m[Kno matching function for call to '[01m[KPatrol::create_subscription<sensor_msgs::msg::LaserScan>(const char [6], int, std::_Bind_helper<false, void (Patrol::*)(std::shared_ptr<sensor_msgs::msg::LaserScan_<std::allocator<void> > >), Patrol*, const std::_Placeholder<1>&>::type, rclcpp::CallbackGroup::SharedPtr&)[m[K'
[1.511s]    12 |       "/scan", 10, std::bind(&Patrol::laserscanCallBack, this, std::placeholders::_1), callback_group_[01;31m[K)[m[K;
[1.511s]       |                                                                                                       [01;31m[K^[m[K
[1.511s] In file included from [01m[K/opt/ros/foxy/include/rclcpp/executors/single_threaded_executor.hpp:28[m[K,
[1.511s]                  from [01m[K/opt/ros/foxy/include/rclcpp/executors.hpp:22[m[K,
[1.511s]                  from [01m[K/opt/ros/foxy/include/rclcpp/rclcpp.hpp:146[m[K,
[1.511s]                  from [01m[K/home/user/ros2_ws/src/citylab_project/src/robot_patrol/include/patrol.h:2[m[K,
[1.511s]                  from [01m[K/home/user/ros2_ws/src/citylab_project/src/robot_patrol/src/patrol.cpp:1[m[K:
[1.511s] [01m[K/opt/ros/foxy/include/rclcpp/node.hpp:213:3:[m[K [01;36m[Knote: [m[Kcandidate: '[01m[Ktemplate<class MessageT, class CallbackT, class AllocatorT, class CallbackMessageT, class SubscriptionT, class MessageMemoryStrategyT> std::shared_ptr<SubscriptionT> rclcpp::Node::create_subscription(const string&, const rclcpp::QoS&, CallbackT&&, const rclcpp::SubscriptionOptionsWithAllocator<AllocatorT>&, typename MessageMemoryStrategyT::SharedPtr)[m[K'
[1.511s]   213 |   [01;36m[Kcreate_subscription[m[K(
[1.511s]       |   [01;36m[K^~~~~~~~~~~~~~~~~~~[m[K
[1.511s] [01m[K/opt/ros/foxy/include/rclcpp/node.hpp:213:3:[m[K [01;36m[Knote: [m[K  template argument deduction/substitution failed:
[1.512s] [01m[K/home/user/ros2_ws/src/citylab_project/src/robot_patrol/src/patrol.cpp:12:103:[m[K [01;36m[Knote: [m[K  '[01m[Krclcpp::CallbackGroup::SharedPtr[m[K' {aka '[01m[Kstd::shared_ptr<rclcpp::CallbackGroup>[m[K'} is not derived from '[01m[Kconst rclcpp::SubscriptionOptionsWithAllocator<AllocatorT>[m[K'
[1.512s]    12 |       "/scan", 10, std::bind(&Patrol::laserscanCallBack, this, std::placeholders::_1), callback_group_[01;36m[K)[m[K;
[1.512s]       |                                                                                                       [01;36m[K^[m[K
[2.538s] make[2]: *** [CMakeFiles/patrol_node.dir/build.make:76: CMakeFiles/patrol_node.dir/src/patrol.cpp.o] Error 1
[2.538s] make[1]: *** [CMakeFiles/Makefile2:78: CMakeFiles/patrol_node.dir/all] Error 2
[2.538s] make: *** [Makefile:141: all] Error 2
[2.540s] Invoked command in '/home/user/ros2_ws/src/citylab_project/build/robot_patrol' returned '2': CMAKE_PREFIX_PATH=${CMAKE_PREFIX_PATH}:/opt/ros/foxy _=/usr/bin/env /usr/bin/cmake --build /home/user/ros2_ws/src/citylab_project/build/robot_patrol -- -j8 -l8
