[0.017s] Invoking command in '/home/user/ros2_ws/src/citylab_project/build/robot_patrol': CMAKE_PREFIX_PATH=${CMAKE_PREFIX_PATH}:/opt/ros/foxy _=/usr/bin/env /usr/bin/cmake --build /home/user/ros2_ws/src/citylab_project/build/robot_patrol -- -j8 -l8
[0.074s] [35m[1mScanning dependencies of target patrol_node[0m
[0.116s] [ 33%] [32mBuilding CXX object CMakeFiles/patrol_node.dir/src/patrol.cpp.o[0m
[6.381s] [ 66%] [32m[1mLinking CXX executable patrol_node[0m
[6.670s] [100%] Built target patrol_node
[6.683s] Invoked command in '/home/user/ros2_ws/src/citylab_project/build/robot_patrol' returned '0': CMAKE_PREFIX_PATH=${CMAKE_PREFIX_PATH}:/opt/ros/foxy _=/usr/bin/env /usr/bin/cmake --build /home/user/ros2_ws/src/citylab_project/build/robot_patrol -- -j8 -l8
[6.742s] Invoking command in '/home/user/ros2_ws/src/citylab_project/build/robot_patrol': CMAKE_PREFIX_PATH=${CMAKE_PREFIX_PATH}:/opt/ros/foxy _=/usr/bin/env /usr/bin/cmake --install /home/user/ros2_ws/src/citylab_project/build/robot_patrol
[6.752s] -- Install configuration: ""
[6.752s] -- Installing: /home/user/ros2_ws/src/citylab_project/install/robot_patrol/lib/robot_patrol/patrol_node
[6.756s] -- Set runtime path of "/home/user/ros2_ws/src/citylab_project/install/robot_patrol/lib/robot_patrol/patrol_node" to ""
[6.756s] -- Installing: /home/user/ros2_ws/src/citylab_project/install/robot_patrol/share/robot_patrol//launch
[6.756s] -- Installing: /home/user/ros2_ws/src/citylab_project/install/robot_patrol/share/robot_patrol//launch/robot_patrol.launch.py
[6.756s] -- Installing: /home/user/ros2_ws/src/citylab_project/install/robot_patrol/include
[6.756s] -- Installing: /home/user/ros2_ws/src/citylab_project/install/robot_patrol/include/patrol.h
[6.756s] -- Installing: /home/user/ros2_ws/src/citylab_project/install/robot_patrol/share/ament_index/resource_index/package_run_dependencies/robot_patrol
[6.757s] -- Installing: /home/user/ros2_ws/src/citylab_project/install/robot_patrol/share/ament_index/resource_index/parent_prefix_path/robot_patrol
[6.757s] -- Installing: /home/user/ros2_ws/src/citylab_project/install/robot_patrol/share/robot_patrol/environment/ament_prefix_path.sh
[6.757s] -- Installing: /home/user/ros2_ws/src/citylab_project/install/robot_patrol/share/robot_patrol/environment/ament_prefix_path.dsv
[6.757s] -- Installing: /home/user/ros2_ws/src/citylab_project/install/robot_patrol/share/robot_patrol/environment/path.sh
[6.758s] -- Installing: /home/user/ros2_ws/src/citylab_project/install/robot_patrol/share/robot_patrol/environment/path.dsv
[6.758s] -- Installing: /home/user/ros2_ws/src/citylab_project/install/robot_patrol/share/robot_patrol/local_setup.bash
[6.758s] -- Installing: /home/user/ros2_ws/src/citylab_project/install/robot_patrol/share/robot_patrol/local_setup.sh
[6.758s] -- Installing: /home/user/ros2_ws/src/citylab_project/install/robot_patrol/share/robot_patrol/local_setup.zsh
[6.758s] -- Installing: /home/user/ros2_ws/src/citylab_project/install/robot_patrol/share/robot_patrol/local_setup.dsv
[6.758s] -- Installing: /home/user/ros2_ws/src/citylab_project/install/robot_patrol/share/robot_patrol/package.dsv
[6.759s] -- Installing: /home/user/ros2_ws/src/citylab_project/install/robot_patrol/share/ament_index/resource_index/packages/robot_patrol
[6.759s] -- Installing: /home/user/ros2_ws/src/citylab_project/install/robot_patrol/share/robot_patrol/cmake/robot_patrolConfig.cmake
[6.759s] -- Installing: /home/user/ros2_ws/src/citylab_project/install/robot_patrol/share/robot_patrol/cmake/robot_patrolConfig-version.cmake
[6.759s] -- Installing: /home/user/ros2_ws/src/citylab_project/install/robot_patrol/share/robot_patrol/package.xml
[6.762s] Invoked command in '/home/user/ros2_ws/src/citylab_project/build/robot_patrol' returned '0': CMAKE_PREFIX_PATH=${CMAKE_PREFIX_PATH}:/opt/ros/foxy _=/usr/bin/env /usr/bin/cmake --install /home/user/ros2_ws/src/citylab_project/build/robot_patrol
